c:\users\thiag\onedrive\escritorio\thiago\college\2ndsemester\oop\oop244-works\project\ms5\project1\project1\x64\debug\vc143.pdb
c:\users\thiag\onedrive\escritorio\thiago\college\2ndsemester\oop\oop244-works\project\ms5\project1\project1\x64\debug\vc143.idb
c:\users\thiag\onedrive\escritorio\thiago\college\2ndsemester\oop\oop244-works\project\ms5\project1\project1\x64\debug\utils.obj
c:\users\thiag\onedrive\escritorio\thiago\college\2ndsemester\oop\oop244-works\project\ms5\project1\project1\x64\debug\streamable.obj
c:\users\thiag\onedrive\escritorio\thiago\college\2ndsemester\oop\oop244-works\project\ms5\project1\project1\x64\debug\pubsel_tester.obj
c:\users\thiag\onedrive\escritorio\thiago\college\2ndsemester\oop\oop244-works\project\ms5\project1\project1\x64\debug\publicationselector.obj
c:\users\thiag\onedrive\escritorio\thiago\college\2ndsemester\oop\oop244-works\project\ms5\project1\project1\x64\debug\publication.obj
c:\users\thiag\onedrive\escritorio\thiago\college\2ndsemester\oop\oop244-works\project\ms5\project1\project1\x64\debug\menu.obj
c:\users\thiag\onedrive\escritorio\thiago\college\2ndsemester\oop\oop244-works\project\ms5\project1\project1\x64\debug\libapp.obj
c:\users\thiag\onedrive\escritorio\thiago\college\2ndsemester\oop\oop244-works\project\ms5\project1\project1\x64\debug\date.obj
c:\users\thiag\onedrive\escritorio\thiago\college\2ndsemester\oop\oop244-works\project\ms5\project1\project1\x64\debug\book.obj
c:\users\thiag\onedrive\escritorio\thiago\college\2ndsemester\oop\oop244-works\project\ms5\project1\project1\x64\debug\project1.ilk
c:\users\thiag\onedrive\escritorio\thiago\college\2ndsemester\oop\oop244-works\project\ms5\project1\x64\debug\project1.exe
c:\users\thiag\onedrive\escritorio\thiago\college\2ndsemester\oop\oop244-works\project\ms5\project1\x64\debug\project1.pdb
c:\users\thiag\onedrive\escritorio\thiago\college\2ndsemester\oop\oop244-works\project\ms5\project1\project1\x64\debug\project1.tlog\cl.command.1.tlog
c:\users\thiag\onedrive\escritorio\thiago\college\2ndsemester\oop\oop244-works\project\ms5\project1\project1\x64\debug\project1.tlog\cl.read.1.tlog
c:\users\thiag\onedrive\escritorio\thiago\college\2ndsemester\oop\oop244-works\project\ms5\project1\project1\x64\debug\project1.tlog\cl.write.1.tlog
c:\users\thiag\onedrive\escritorio\thiago\college\2ndsemester\oop\oop244-works\project\ms5\project1\project1\x64\debug\project1.tlog\link.command.1.tlog
c:\users\thiag\onedrive\escritorio\thiago\college\2ndsemester\oop\oop244-works\project\ms5\project1\project1\x64\debug\project1.tlog\link.read.1.tlog
c:\users\thiag\onedrive\escritorio\thiago\college\2ndsemester\oop\oop244-works\project\ms5\project1\project1\x64\debug\project1.tlog\link.write.1.tlog
